Active-HDL 11.1.262.7351 2021-05-31 22:54:27

Elaboration top modules:
Architecture                  arcTB(TBcircuit)


-----------------------------------------------------------------------------------------------
Entity    | Architecture | Library      | Info | Compiler Version        | Compilation Options
-----------------------------------------------------------------------------------------------
TBcircuit | arcTB        | finalproject |      | 11.1.262.7351 (Windows) | -O3
-----------------------------------------------------------------------------------------------

-----------------------------------------------------------------------------------------------
VHDL Package             | Library      | Info | Compiler Version        | Compilation Options
-----------------------------------------------------------------------------------------------
standard                 | std          |      |                         | <unavailable>
TEXTIO                   | std          |      |                         | <unavailable>
std_logic_1164           | ieee         |      |                         | <unavailable>
NUMERIC_STD              | ieee         |      |                         | <unavailable>
std_logic_arith          | ieee         |      |                         | <unavailable>
STD_LOGIC_UNSIGNED       | ieee         |      |                         | <unavailable>
-----------------------------------------------------------------------------------------------

-----------------------------------------------------------------------------------------------
Library                  | Comment
-----------------------------------------------------------------------------------------------
finalproject             | None
ieee                     | Standard IEEE packages library
std                      | Standard VHDL library
-----------------------------------------------------------------------------------------------
